Using pre-set license
Built from '6000.0/release' branch; Version is '6000.0.29f1 (9fafe5c9db65) revision 10465253'; Using compiler version '193933523'; Build Type 'Release'
OS: 'Windows 10  (10.0.19045) 64bit Core' Language: 'ru' Physical Memory: 16236 MB
BatchMode: 1, IsHumanControllingUs: 0, StartBugReporterOnCrash: 0, Is64bit: 1, IsPro: 1

COMMAND LINE ARGUMENTS:
C:\Program Files\Unity\Hub\Editor\6000.0.29f1\Editor\Unity.exe
-adb2
-batchMode
-noUpm
-name
AssetImportWorker1
-projectPath
D:/мехмат юфу/проектная деятельность/Репозиторий/NA(worked)
-logFile
Logs/AssetImportWorker1.log
-srvPort
64561
-job-worker-count
5
-background-job-worker-count
8
-asset-garbage-collectors
1
Successfully changed project path to: D:/мехмат юфу/проектная деятельность/Репозиторий/NA(worked)
D:/мехмат юфу/проектная деятельность/Репозиторий/NA(worked)
[UnityMemory] Configuration Parameters - Can be set up in boot.config
    "memorysetup-bucket-allocator-granularity=16"
    "memorysetup-bucket-allocator-bucket-count=8"
    "memorysetup-bucket-allocator-block-size=33554432"
    "memorysetup-bucket-allocator-block-count=8"
    "memorysetup-main-allocator-block-size=16777216"
    "memorysetup-thread-allocator-block-size=16777216"
    "memorysetup-gfx-main-allocator-block-size=16777216"
    "memorysetup-gfx-thread-allocator-block-size=16777216"
    "memorysetup-cache-allocator-block-size=4194304"
    "memorysetup-typetree-allocator-block-size=2097152"
    "memorysetup-profiler-bucket-allocator-granularity=16"
    "memorysetup-profiler-bucket-allocator-bucket-count=8"
    "memorysetup-profiler-bucket-allocator-block-size=33554432"
    "memorysetup-profiler-bucket-allocator-block-count=8"
    "memorysetup-profiler-allocator-block-size=16777216"
    "memorysetup-profiler-editor-allocator-block-size=1048576"
    "memorysetup-temp-allocator-size-main=16777216"
    "memorysetup-job-temp-allocator-block-size=2097152"
    "memorysetup-job-temp-allocator-block-size-background=1048576"
    "memorysetup-job-temp-allocator-reduction-small-platforms=262144"
    "memorysetup-allocator-temp-initial-block-size-main=262144"
    "memorysetup-allocator-temp-initial-block-size-worker=262144"
    "memorysetup-temp-allocator-size-background-worker=32768"
    "memorysetup-temp-allocator-size-job-worker=262144"
    "memorysetup-temp-allocator-size-preload-manager=33554432"
    "memorysetup-temp-allocator-size-nav-mesh-worker=65536"
    "memorysetup-temp-allocator-size-audio-worker=65536"
    "memorysetup-temp-allocator-size-cloud-worker=32768"
    "memorysetup-temp-allocator-size-gi-baking-worker=262144"
    "memorysetup-temp-allocator-size-gi-baking-worker=262144"
    "memorysetup-temp-allocator-size-gi-baking-worker=262144"
    "memorysetup-temp-allocator-size-gi-baking-worker=262144"
    "memorysetup-temp-allocator-size-gi-baking-worker=262144"
    "memorysetup-temp-allocator-size-gfx=262144"
Player connection [34052]  Target information:

Player connection [34052]  * "[IP] 192.168.0.6 [Port] 0 [Flags] 2 [Guid] 2449870294 [EditorId] 2449870294 [Version] 1048832 [Id] WindowsEditor(7,DESKTOP-HOKP8FT) [Debug] 1 [PackageName] WindowsEditor [ProjectName] Editor" 

Player connection [34052] Host joined multi-casting on [225.0.0.222:54997]...
Player connection [34052] Host joined alternative multi-casting on [225.0.0.222:34997]...
JobSystem: Creating JobQueue using job-worker-count value 5
[Physics::Module] Initialized fallback backend.
[Physics::Module] Id: 0xdecafbad
Library Redirect Path: Library/
[Physics::Module] Selected backend.
[Physics::Module] Name: PhysX
[Physics::Module] Id: 0xf2b8ea05
[Physics::Module] SDK Version: 4.1.2
[Physics::Module] Integration Version: 1.0.0
[Physics::Module] Threading Mode: Multi-Threaded
Refreshing native plugins compatible for Editor in 1.80 ms, found 3 plugins.
Preloading 0 native plugins for Editor in 0.00 ms.
Initialize engine version: 6000.0.29f1 (9fafe5c9db65)
[Subsystems] Discovering subsystems at path C:/Program Files/Unity/Hub/Editor/6000.0.29f1/Editor/Data/Resources/UnitySubsystems
[Subsystems] Discovering subsystems at path D:/мехмат юфу/проектная деятельность/Репозиторий/NA(worked)/Assets
GfxDevice: creating device client; kGfxThreadingModeNonThreaded
Direct3D:
    Version:  Direct3D 11.0 [level 11.1]
    Renderer: NVIDIA GeForce RTX 3050 Laptop GPU (ID=0x25e2)
    Vendor:   NVIDIA
    VRAM:     3964 MB
    Driver:   31.0.15.5222
Initialize mono
Mono path[0] = 'C:/Program Files/Unity/Hub/Editor/6000.0.29f1/Editor/Data/Managed'
Mono path[1] = 'C:/Program Files/Unity/Hub/Editor/6000.0.29f1/Editor/Data/MonoBleedingEdge/lib/mono/unityjit-win32'
Mono config path = 'C:/Program Files/Unity/Hub/Editor/6000.0.29f1/Editor/Data/MonoBleedingEdge/etc'
Using monoOptions --debugger-agent=transport=dt_socket,embedding=1,server=y,suspend=n,address=127.0.0.1:56148
Begin MonoManager ReloadAssembly
Registering precompiled unity dll's ...
Register platform support module: C:/Program Files/Unity/Hub/Editor/6000.0.29f1/Editor/Data/PlaybackEngines/WindowsStandaloneSupport/UnityEditor.WindowsStandalone.Extensions.dll
Registered in 0.002500 seconds.
- Loaded All Assemblies, in  0.411 seconds
Native extension for WindowsStandalone target not found
Mono: successfully reloaded assembly
- Finished resetting the current domain, in  0.358 seconds
Domain Reload Profiling: 766ms
	BeginReloadAssembly (148ms)
		ExecutionOrderSort (0ms)
		DisableScriptedObjects (0ms)
		BackupInstance (0ms)
		ReleaseScriptingObjects (0ms)
		CreateAndSetChildDomain (1ms)
	RebuildCommonClasses (35ms)
	RebuildNativeTypeToScriptingClass (11ms)
	initialDomainReloadingComplete (49ms)
	LoadAllAssembliesAndSetupDomain (165ms)
		LoadAssemblies (146ms)
		RebuildTransferFunctionScriptingTraits (0ms)
		AnalyzeDomain (162ms)
			TypeCache.Refresh (160ms)
				TypeCache.ScanAssembly (148ms)
			BuildScriptInfoCaches (0ms)
			ResolveRequiredComponents (0ms)
	FinalizeReload (358ms)
		ReleaseScriptCaches (0ms)
		RebuildScriptCaches (0ms)
		SetupLoadedEditorAssemblies (310ms)
			LogAssemblyErrors (0ms)
			InitializePlatformSupportModulesInManaged (27ms)
			SetLoadedEditorAssemblies (5ms)
			BeforeProcessingInitializeOnLoad (6ms)
			ProcessInitializeOnLoadAttributes (200ms)
			ProcessInitializeOnLoadMethodAttributes (69ms)
			AfterProcessingInitializeOnLoad (3ms)
			EditorAssembliesLoaded (0ms)
		ExecutionOrderSort2 (0ms)
		AwakeInstancesAfterBackupRestoration (0ms)
========================================================================
Worker process is ready to serve import requests
Import Worker Mode flag is 0x00
Begin MonoManager ReloadAssembly
- Loaded All Assemblies, in  0.799 seconds
Refreshing native plugins compatible for Editor in 1.37 ms, found 3 plugins.
Native extension for WindowsStandalone target not found
[MODES] ModeService[none].Initialize
[MODES] ModeService[none].LoadModes
[MODES] Loading mode Default (0) for mode-current-id-виталий
Mono: successfully reloaded assembly
- Finished resetting the current domain, in  0.749 seconds
Domain Reload Profiling: 1544ms
	BeginReloadAssembly (177ms)
		ExecutionOrderSort (0ms)
		DisableScriptedObjects (7ms)
		BackupInstance (0ms)
		ReleaseScriptingObjects (0ms)
		CreateAndSetChildDomain (31ms)
	RebuildCommonClasses (43ms)
	RebuildNativeTypeToScriptingClass (11ms)
	initialDomainReloadingComplete (40ms)
	LoadAllAssembliesAndSetupDomain (522ms)
		LoadAssemblies (354ms)
		RebuildTransferFunctionScriptingTraits (0ms)
		AnalyzeDomain (277ms)
			TypeCache.Refresh (160ms)
				TypeCache.ScanAssembly (146ms)
			BuildScriptInfoCaches (108ms)
			ResolveRequiredComponents (6ms)
	FinalizeReload (749ms)
		ReleaseScriptCaches (0ms)
		RebuildScriptCaches (0ms)
		SetupLoadedEditorAssemblies (635ms)
			LogAssemblyErrors (0ms)
			InitializePlatformSupportModulesInManaged (2ms)
			SetLoadedEditorAssemblies (5ms)
			BeforeProcessingInitializeOnLoad (78ms)
			ProcessInitializeOnLoadAttributes (461ms)
			ProcessInitializeOnLoadMethodAttributes (80ms)
			AfterProcessingInitializeOnLoad (9ms)
			EditorAssembliesLoaded (0ms)
		ExecutionOrderSort2 (0ms)
		AwakeInstancesAfterBackupRestoration (5ms)
Launched and connected shader compiler UnityShaderCompiler.exe after 0.01 seconds
Refreshing native plugins compatible for Editor in 1.36 ms, found 3 plugins.
Preloading 0 native plugins for Editor in 0.00 ms.
Unloading 150 Unused Serialized files (Serialized files now loaded: 0)
Unloading 6356 unused Assets / (7.5 MB). Loaded Objects now: 6912.
Memory consumption went from 144.8 MB to 137.3 MB.
Total: 15.562800 ms (FindLiveObjects: 0.911500 ms CreateObjectMapping: 1.311100 ms MarkObjects: 6.869600 ms  DeleteObjects: 6.468600 ms)

========================================================================
Received Import Request.
  Time since last request: 1133884.947631 seconds.
  path: Assets/new asylum/nightmare asylum.blend
  artifactKey: Guid(ed542dfbaedcfc34ea37edf9a0917cce) Importer(815301076,1909f56bfc062723c751e8b465ee728b)
Start importing Assets/new asylum/nightmare asylum.blend using Guid(ed542dfbaedcfc34ea37edf9a0917cce) Importer(815301076,1909f56bfc062723c751e8b465ee728b) (PreviewImporter) -> (artifact id: '7cc06e2597d1d774e117e75539db45fd') in 2.6757333 seconds
Number of updated asset objects reloaded before import = 0Number of asset objects unloaded after import = 1381

========================================================================
Received Import Request.
  Time since last request: 1.042213 seconds.
  path: Assets/Materials/034ba4a2df30f74f710d8458ea26f302.jpg
  artifactKey: Guid(c5dcf722ed2bdf54c975218556e19daf) Importer(815301076,1909f56bfc062723c751e8b465ee728b)
Start importing Assets/Materials/034ba4a2df30f74f710d8458ea26f302.jpg using Guid(c5dcf722ed2bdf54c975218556e19daf) Importer(815301076,1909f56bfc062723c751e8b465ee728b) (PreviewImporter) -> (artifact id: '12cfaee76d3cb280b75bae5ac3283501') in 0.0397427 seconds
Number of updated asset objects reloaded before import = 0Number of asset objects unloaded after import = 2

========================================================================
Received Import Request.
  Time since last request: 0.000025 seconds.
  path: Assets/Materials/текстура матраса.png
  artifactKey: Guid(d5ba59730fcbaee4b9c6af86d402bb26) Importer(815301076,1909f56bfc062723c751e8b465ee728b)
Start importing Assets/Materials/текстура матраса.png using Guid(d5ba59730fcbaee4b9c6af86d402bb26) Importer(815301076,1909f56bfc062723c751e8b465ee728b) (PreviewImporter) -> (artifact id: '267a4755b0dda605b55464ecec6df1bb') in 0.019457 seconds
Number of updated asset objects reloaded before import = 0Number of asset objects unloaded after import = 2

========================================================================
Received Import Request.
  Time since last request: 0.000017 seconds.
  path: Assets/Materials/photo_2024-11-29_19-49-56.jpg
  artifactKey: Guid(d4e8d14433e4f594a9322b49052d9b66) Importer(815301076,1909f56bfc062723c751e8b465ee728b)
Start importing Assets/Materials/photo_2024-11-29_19-49-56.jpg using Guid(d4e8d14433e4f594a9322b49052d9b66) Importer(815301076,1909f56bfc062723c751e8b465ee728b) (PreviewImporter) -> (artifact id: '8e0d6c18062068c9ddfc02bfdf736713') in 0.0218162 seconds
Number of updated asset objects reloaded before import = 0Number of asset objects unloaded after import = 2

========================================================================
Received Import Request.
  Time since last request: 0.000017 seconds.
  path: Assets/Materials/keramogranit_1051028_recupera_mix_grafite_40x40_cir_ceramiche_373.jpg
  artifactKey: Guid(76cbcc3af4e584344b818765f6a2875e) Importer(815301076,1909f56bfc062723c751e8b465ee728b)
Start importing Assets/Materials/keramogranit_1051028_recupera_mix_grafite_40x40_cir_ceramiche_373.jpg using Guid(76cbcc3af4e584344b818765f6a2875e) Importer(815301076,1909f56bfc062723c751e8b465ee728b) (PreviewImporter) -> (artifact id: 'f9c12d8b316932cda38a6c6314c987f3') in 0.0204207 seconds
Number of updated asset objects reloaded before import = 0Number of asset objects unloaded after import = 2

========================================================================
Received Import Request.
  Time since last request: 0.000025 seconds.
  path: Assets/Materials/fc254bd30e87479c835b47459c41f799.jpg
  artifactKey: Guid(74fdde38c02be2149b9a6687fc4324d7) Importer(815301076,1909f56bfc062723c751e8b465ee728b)
Start importing Assets/Materials/fc254bd30e87479c835b47459c41f799.jpg using Guid(74fdde38c02be2149b9a6687fc4324d7) Importer(815301076,1909f56bfc062723c751e8b465ee728b) (PreviewImporter) -> (artifact id: '666772faa9d65c416ecce4312ee3f0f0') in 0.0237806 seconds
Number of updated asset objects reloaded before import = 0Number of asset objects unloaded after import = 2

========================================================================
Received Import Request.
  Time since last request: 0.000020 seconds.
  path: Assets/Materials/CL-15_1.jpg
  artifactKey: Guid(9da9273d6afdeb74bbe7941b2d863a70) Importer(815301076,1909f56bfc062723c751e8b465ee728b)
Start importing Assets/Materials/CL-15_1.jpg using Guid(9da9273d6afdeb74bbe7941b2d863a70) Importer(815301076,1909f56bfc062723c751e8b465ee728b) (PreviewImporter) -> (artifact id: 'f4dc4acdff08d437514baeb881e373c7') in 0.0178213 seconds
Number of updated asset objects reloaded before import = 0Number of asset objects unloaded after import = 2

========================================================================
Received Import Request.
  Time since last request: 0.000023 seconds.
  path: Assets/Materials/1657283527_63-amiel-club-p-tekstura-potolka-besshovnaya-interer-krasi-67.jpg
  artifactKey: Guid(56d86cc1e56824749819fb2afd40c2dd) Importer(815301076,1909f56bfc062723c751e8b465ee728b)
Start importing Assets/Materials/1657283527_63-amiel-club-p-tekstura-potolka-besshovnaya-interer-krasi-67.jpg using Guid(56d86cc1e56824749819fb2afd40c2dd) Importer(815301076,1909f56bfc062723c751e8b465ee728b) (PreviewImporter) -> (artifact id: '7201b560153011f559de1f5aee85efdc') in 0.0160717 seconds
Number of updated asset objects reloaded before import = 0Number of asset objects unloaded after import = 2

========================================================================
Received Import Request.
  Time since last request: 0.000019 seconds.
  path: Assets/Materials/грязные полы.jpg
  artifactKey: Guid(10aa4770d4400ac4e970cbac9e97a056) Importer(815301076,1909f56bfc062723c751e8b465ee728b)
Start importing Assets/Materials/грязные полы.jpg using Guid(10aa4770d4400ac4e970cbac9e97a056) Importer(815301076,1909f56bfc062723c751e8b465ee728b) (PreviewImporter) -> (artifact id: '21e59c90da2040c1c39abb12bdf143a0') in 0.0197939 seconds
Number of updated asset objects reloaded before import = 0Number of asset objects unloaded after import = 2

========================================================================
Received Import Request.
  Time since last request: 0.000018 seconds.
  path: Assets/Materials/текстура кровати.png
  artifactKey: Guid(d4542a68e83f5bf49914d3e889325a4f) Importer(815301076,1909f56bfc062723c751e8b465ee728b)
Start importing Assets/Materials/текстура кровати.png using Guid(d4542a68e83f5bf49914d3e889325a4f) Importer(815301076,1909f56bfc062723c751e8b465ee728b) (PreviewImporter) -> (artifact id: '789d0d678782de4dd07cc719f9d08f0d') in 0.0179402 seconds
Number of updated asset objects reloaded before import = 0Number of asset objects unloaded after import = 2

========================================================================
Received Import Request.
  Time since last request: 0.000026 seconds.
  path: Assets/Materials/текустра двери.png
  artifactKey: Guid(602dad14c8d480a4f8c99bb4e4c11b50) Importer(815301076,1909f56bfc062723c751e8b465ee728b)
Start importing Assets/Materials/текустра двери.png using Guid(602dad14c8d480a4f8c99bb4e4c11b50) Importer(815301076,1909f56bfc062723c751e8b465ee728b) (PreviewImporter) -> (artifact id: '8cb7aa66e93bffed4db06ba7d5c5ed48') in 0.0216312 seconds
Number of updated asset objects reloaded before import = 0Number of asset objects unloaded after import = 2

========================================================================
Received Import Request.
  Time since last request: 0.000015 seconds.
  path: Assets/Materials/текстура стекла.png
  artifactKey: Guid(5582c54f7922a324898b895d0f6d8117) Importer(815301076,1909f56bfc062723c751e8b465ee728b)
Start importing Assets/Materials/текстура стекла.png using Guid(5582c54f7922a324898b895d0f6d8117) Importer(815301076,1909f56bfc062723c751e8b465ee728b) (PreviewImporter) -> (artifact id: 'd9458a353649448872f5f82233ffffdc') in 0.0172575 seconds
Number of updated asset objects reloaded before import = 0Number of asset objects unloaded after import = 2

========================================================================
Received Import Request.
  Time since last request: 0.000022 seconds.
  path: Assets/Materials/свет.mat
  artifactKey: Guid(eb3b0fc0c80e4e546bff9c2d24382a10) Importer(815301076,1909f56bfc062723c751e8b465ee728b)
Start importing Assets/Materials/свет.mat using Guid(eb3b0fc0c80e4e546bff9c2d24382a10) Importer(815301076,1909f56bfc062723c751e8b465ee728b) (PreviewImporter) -> (artifact id: '7d345e6ab6260852b7faffa3c5c1e4e9') in 0.0191427 seconds
Number of updated asset objects reloaded before import = 0Number of asset objects unloaded after import = 1

========================================================================
Received Import Request.
  Time since last request: 0.000024 seconds.
  path: Assets/Materials/907929-oboykin-as-creation-wood-n-stone-1.jpg
  artifactKey: Guid(228a66d89ad6afe4b93d17d9690688f0) Importer(815301076,1909f56bfc062723c751e8b465ee728b)
Start importing Assets/Materials/907929-oboykin-as-creation-wood-n-stone-1.jpg using Guid(228a66d89ad6afe4b93d17d9690688f0) Importer(815301076,1909f56bfc062723c751e8b465ee728b) (PreviewImporter) -> (artifact id: 'cb5272119e41d68fff07b3c62336229f') in 0.017433 seconds
Number of updated asset objects reloaded before import = 0Number of asset objects unloaded after import = 2

========================================================================
Received Import Request.
  Time since last request: 0.000045 seconds.
  path: Assets/Materials/ручка двери.mat
  artifactKey: Guid(dac3fe2a2d8d9684ba1157c2dbba824d) Importer(815301076,1909f56bfc062723c751e8b465ee728b)
Start importing Assets/Materials/ручка двери.mat using Guid(dac3fe2a2d8d9684ba1157c2dbba824d) Importer(815301076,1909f56bfc062723c751e8b465ee728b) (PreviewImporter) -> (artifact id: 'd69bb1443a7f805c9d5d1c62d091fddd') in 0.0155934 seconds
Number of updated asset objects reloaded before import = 0Number of asset objects unloaded after import = 2

========================================================================
Received Import Request.
  Time since last request: 0.000016 seconds.
  path: Assets/Materials/текустура рамки окна.png
  artifactKey: Guid(02759796690a7864a975fde7e6e033e3) Importer(815301076,1909f56bfc062723c751e8b465ee728b)
Start importing Assets/Materials/текустура рамки окна.png using Guid(02759796690a7864a975fde7e6e033e3) Importer(815301076,1909f56bfc062723c751e8b465ee728b) (PreviewImporter) -> (artifact id: '0078f5aa76009925f869c5db870e2207') in 0.0203165 seconds
Number of updated asset objects reloaded before import = 0Number of asset objects unloaded after import = 2

========================================================================
Received Import Request.
  Time since last request: 0.000022 seconds.
  path: Assets/Materials/текстура стекла.mat
  artifactKey: Guid(a194ef3d947a6184f89224a8b863bb86) Importer(815301076,1909f56bfc062723c751e8b465ee728b)
Start importing Assets/Materials/текстура стекла.mat using Guid(a194ef3d947a6184f89224a8b863bb86) Importer(815301076,1909f56bfc062723c751e8b465ee728b) (PreviewImporter) -> (artifact id: '5f87180f893e24a17bcc84486bd90415') in 0.0202038 seconds
Number of updated asset objects reloaded before import = 0Number of asset objects unloaded after import = 2

========================================================================
Received Import Request.
  Time since last request: 4.076526 seconds.
  path: Assets/new asylum/assets/UniversalRenderPipelineGlobalSettings.asset
  artifactKey: Guid(93b439a37f63240aca3dd4e01d978a9f) Importer(815301076,1909f56bfc062723c751e8b465ee728b)
Start importing Assets/new asylum/assets/UniversalRenderPipelineGlobalSettings.asset using Guid(93b439a37f63240aca3dd4e01d978a9f) Importer(815301076,1909f56bfc062723c751e8b465ee728b) (PreviewImporter) -> (artifact id: '4441874a438446740683c2551d173ce8') in 0.0026507 seconds
Number of updated asset objects reloaded before import = 0Number of asset objects unloaded after import = 1

========================================================================
Received Import Request.
  Time since last request: 0.000014 seconds.
  path: Assets/new asylum/assets/текстура шкафа.jpg
  artifactKey: Guid(938cabd63472a114a91f78aab550a7e8) Importer(815301076,1909f56bfc062723c751e8b465ee728b)
Start importing Assets/new asylum/assets/текстура шкафа.jpg using Guid(938cabd63472a114a91f78aab550a7e8) Importer(815301076,1909f56bfc062723c751e8b465ee728b) (PreviewImporter) -> (artifact id: '2d58369c6be9852c31b63231d943aa6c') in 0.0211287 seconds
Number of updated asset objects reloaded before import = 0Number of asset objects unloaded after import = 2

========================================================================
Received Import Request.
  Time since last request: 0.000023 seconds.
  path: Assets/new asylum/assets/текстура стойки регистрации.png
  artifactKey: Guid(9855bffb7dd323c49b5c18cf83967310) Importer(815301076,1909f56bfc062723c751e8b465ee728b)
Start importing Assets/new asylum/assets/текстура стойки регистрации.png using Guid(9855bffb7dd323c49b5c18cf83967310) Importer(815301076,1909f56bfc062723c751e8b465ee728b) (PreviewImporter) -> (artifact id: '03b66f64ec2ce7881189c754894dc0f6') in 0.0191583 seconds
Number of updated asset objects reloaded before import = 0Number of asset objects unloaded after import = 2

Editor requested this worker to shutdown with reason: Scaling down because of idle timeout
AssetImportWorker is now disconnected from the server
Process exiting
Exiting without the bug reporter. Application will terminate with return code 0